<?xml version="1.0" encoding="utf-8"?><testsuites name="pytest tests"><testsuite name="pytest" errors="0" failures="0" skipped="0" tests="34" time="6.302" timestamp="2026-09-04T08:26:16.994361+00:00" hostname="agent-env-0a5d2d0c-81d3-4e98-932e-9127e2702332"><testcase classname="tests.backend_test.TestAuth" name="test_register_new_user" time="0.458" /><testcase classname="tests.backend_test.TestAuth" name="test_register_duplicate_email" time="0.061" /><testcase classname="tests.backend_test.TestAuth" name="test_login_demo_success" time="0.284" /><testcase classname="tests.backend_test.TestAuth" name="test_login_wrong_password" time="0.281" /><testcase classname="tests.backend_test.TestAuth" name="test_me_requires_token" time="0.057" /><testcase classname="tests.backend_test.TestAuth" name="test_me_returns_user" time="0.338" /><testcase classname="tests.backend_test.TestArtists" name="test_list_artists" time="0.058" /><testcase classname="tests.backend_test.TestArtists" name="test_filter_by_style_blackwork" time="0.059" /><testcase classname="tests.backend_test.TestArtists" name="test_artist_detail" time="0.062" /><testcase classname="tests.backend_test.TestArtists" name="test_artist_detail_404" time="0.058" /><testcase classname="tests.backend_test.TestBookings" name="test_create_booking" time="0.061" /><testcase classname="tests.backend_test.TestBookings" name="test_list_bookings_contains_new" time="0.058" /><testcase classname="tests.backend_test.TestBookings" name="test_cancel_booking" time="0.117" /><testcase classname="tests.backend_test.TestBookings" name="test_bookings_require_auth" time="0.054" /><testcase classname="tests.backend_test.TestReviews" name="test_create_review_updates_rating" time="0.118" /><testcase classname="tests.backend_test.TestReviews" name="test_list_reviews" time="0.056" /><testcase classname="tests.backend_test.TestMessages" name="test_send_message_and_auto_reply" time="0.119" /><testcase classname="tests.backend_test.TestMessages" name="test_list_threads" time="0.058" /><testcase classname="tests.test_new_features.TestFeatured" name="test_featured_shape" time="0.338" /><testcase classname="tests.test_new_features.TestFavorites" name="test_toggle_on_off" time="0.984" /><testcase classname="tests.test_new_features.TestFavorites" name="test_favorites_require_auth" time="0.249" /><testcase classname="tests.test_new_features.TestUpload" name="test_upload_requires_auth" time="0.099" /><testcase classname="tests.test_new_features.TestUpload" name="test_upload_rejects_non_image" time="0.091" /><testcase classname="tests.test_new_features.TestUpload" name="test_upload_image_ok" time="0.295" /><testcase classname="tests.test_new_features.TestUpload" name="test_serve_file_requires_auth" time="0.099" /><testcase classname="tests.test_new_features.TestUpload" name="test_serve_file_with_bearer" time="0.220" /><testcase classname="tests.test_new_features.TestUpload" name="test_serve_file_with_token_query" time="0.235" /><testcase classname="tests.test_new_features.TestBookingPayment" name="test_booking_default_unpaid_and_reference" time="0.148" /><testcase classname="tests.test_new_features.TestStripeMock" name="test_checkout_returns_mock_session" time="0.206" /><testcase classname="tests.test_new_features.TestStripeMock" name="test_verify_before_confirm_returns_unpaid" time="0.077" /><testcase classname="tests.test_new_features.TestStripeMock" name="test_mock_confirm_marks_paid" time="0.223" /><testcase classname="tests.test_new_features.TestStripeMock" name="test_verify_after_confirm_returns_paid" time="0.099" /><testcase classname="tests.test_new_features.TestStripeMock" name="test_cross_user_cannot_verify" time="0.437" /><testcase classname="tests.test_new_features.TestStripeMock" name="test_cannot_repay_paid_booking" time="0.080" /></testsuite></testsuites>