<?xml version="1.0" encoding="utf-8"?><testsuites name="pytest tests"><testsuite name="pytest" errors="0" failures="0" skipped="0" tests="43" time="6.300" timestamp="2026-09-04T08:37:54.886051+00:00" hostname="agent-env-0a5d2d0c-81d3-4e98-932e-9127e2702332"><testcase classname="tests.backend_test.TestAuth" name="test_register_new_user" time="0.379" /><testcase classname="tests.backend_test.TestAuth" name="test_register_duplicate_email" time="0.070" /><testcase classname="tests.backend_test.TestAuth" name="test_login_demo_success" time="0.284" /><testcase classname="tests.backend_test.TestAuth" name="test_login_wrong_password" time="0.276" /><testcase classname="tests.backend_test.TestAuth" name="test_me_requires_token" time="0.063" /><testcase classname="tests.backend_test.TestAuth" name="test_me_returns_user" time="0.346" /><testcase classname="tests.backend_test.TestArtists" name="test_list_artists" time="0.067" /><testcase classname="tests.backend_test.TestArtists" name="test_filter_by_style_blackwork" time="0.064" /><testcase classname="tests.backend_test.TestArtists" name="test_artist_detail" time="0.066" /><testcase classname="tests.backend_test.TestArtists" name="test_artist_detail_404" time="0.061" /><testcase classname="tests.backend_test.TestBookings" name="test_create_booking" time="0.056" /><testcase classname="tests.backend_test.TestBookings" name="test_list_bookings_contains_new" time="0.067" /><testcase classname="tests.backend_test.TestBookings" name="test_cancel_booking" time="0.124" /><testcase classname="tests.backend_test.TestBookings" name="test_bookings_require_auth" time="0.055" /><testcase classname="tests.backend_test.TestReviews" name="test_create_review_updates_rating" time="0.135" /><testcase classname="tests.backend_test.TestReviews" name="test_list_reviews" time="0.060" /><testcase classname="tests.backend_test.TestMessages" name="test_send_message_and_auto_reply" time="0.124" /><testcase classname="tests.backend_test.TestMessages" name="test_list_threads" time="0.063" /><testcase classname="tests.test_iteration_4_refund_and_map.TestArtistLocationBackfill" name="test_all_seeded_artists_have_address_lat_lon" time="0.104" /><testcase classname="tests.test_iteration_4_refund_and_map.TestArtistLocationBackfill" name="test_known_studio_coordinates" time="0.000" /><testcase classname="tests.test_iteration_4_refund_and_map.TestArtistLocationBackfill" name="test_all_artists_have_nonzero_coords" time="0.000" /><testcase classname="tests.test_iteration_4_refund_and_map.TestCancelRefund" name="test_refund_when_paid_and_more_than_48h_out" time="0.683" /><testcase classname="tests.test_iteration_4_refund_and_map.TestCancelRefund" name="test_no_refund_when_paid_within_48h" time="0.249" /><testcase classname="tests.test_iteration_4_refund_and_map.TestCancelRefund" name="test_cancel_unpaid_stays_unpaid" time="0.114" /><testcase classname="tests.test_iteration_4_refund_and_map.TestRegression" name="test_login_and_me" time="0.055" /><testcase classname="tests.test_iteration_4_refund_and_map.TestRegression" name="test_featured_returns_artist" time="0.056" /><testcase classname="tests.test_iteration_4_refund_and_map.TestRegression" name="test_artist_detail_has_map_fields" time="0.055" /><testcase classname="tests.test_new_features.TestFeatured" name="test_featured_shape" time="0.110" /><testcase classname="tests.test_new_features.TestFavorites" name="test_toggle_on_off" time="0.691" /><testcase classname="tests.test_new_features.TestFavorites" name="test_favorites_require_auth" time="0.170" /><testcase classname="tests.test_new_features.TestUpload" name="test_upload_requires_auth" time="0.058" /><testcase classname="tests.test_new_features.TestUpload" name="test_upload_rejects_non_image" time="0.058" /><testcase classname="tests.test_new_features.TestUpload" name="test_upload_image_ok" time="0.202" /><testcase classname="tests.test_new_features.TestUpload" name="test_serve_file_requires_auth" time="0.061" /><testcase classname="tests.test_new_features.TestUpload" name="test_serve_file_with_bearer" time="0.204" /><testcase classname="tests.test_new_features.TestUpload" name="test_serve_file_with_token_query" time="0.188" /><testcase classname="tests.test_new_features.TestBookingPayment" name="test_booking_default_unpaid_and_reference" time="0.057" /><testcase classname="tests.test_new_features.TestStripeMock" name="test_checkout_returns_mock_session" time="0.120" /><testcase classname="tests.test_new_features.TestStripeMock" name="test_verify_before_confirm_returns_unpaid" time="0.065" /><testcase classname="tests.test_new_features.TestStripeMock" name="test_mock_confirm_marks_paid" time="0.119" /><testcase classname="tests.test_new_features.TestStripeMock" name="test_verify_after_confirm_returns_paid" time="0.056" /><testcase classname="tests.test_new_features.TestStripeMock" name="test_cross_user_cannot_verify" time="0.336" /><testcase classname="tests.test_new_features.TestStripeMock" name="test_cannot_repay_paid_booking" time="0.061" /></testsuite></testsuites>