<?xml version="1.0" encoding="utf-8"?><testsuites name="pytest tests"><testsuite name="pytest" errors="0" failures="0" skipped="0" tests="9" time="1.815" timestamp="2026-09-04T08:37:20.122704+00:00" hostname="agent-env-0a5d2d0c-81d3-4e98-932e-9127e2702332"><testcase classname="tests.test_iteration_4_refund_and_map.TestArtistLocationBackfill" name="test_all_seeded_artists_have_address_lat_lon" time="0.157" /><testcase classname="tests.test_iteration_4_refund_and_map.TestArtistLocationBackfill" name="test_known_studio_coordinates" time="0.000" /><testcase classname="tests.test_iteration_4_refund_and_map.TestArtistLocationBackfill" name="test_all_artists_have_nonzero_coords" time="0.000" /><testcase classname="tests.test_iteration_4_refund_and_map.TestCancelRefund" name="test_refund_when_paid_and_more_than_48h_out" time="1.103" /><testcase classname="tests.test_iteration_4_refund_and_map.TestRegression" name="test_login_and_me" time="0.727" /><testcase classname="tests.test_iteration_4_refund_and_map.TestRegression" name="test_featured_returns_artist" time="0.080" /><testcase classname="tests.test_iteration_4_refund_and_map.TestRegression" name="test_artist_detail_has_map_fields" time="0.079" /><testcase classname="tests.test_iteration_4_refund_and_map.TestCancelRefund" name="test_no_refund_when_paid_within_48h" time="0.257" /><testcase classname="tests.test_iteration_4_refund_and_map.TestCancelRefund" name="test_cancel_unpaid_stays_unpaid" time="0.129" /></testsuite></testsuites>