<?xml version="1.0" encoding="utf-8"?><testsuites name="pytest tests"><testsuite name="pytest" errors="0" failures="0" skipped="0" tests="26" time="3.405" timestamp="2026-09-04T09:05:59.632458+00:00" hostname="agent-env-0a5d2d0c-81d3-4e98-932e-9127e2702332"><testcase classname="tests.backend_test.TestAuth" name="test_register_new_user" time="0.458" /><testcase classname="tests.backend_test.TestAuth" name="test_register_duplicate_email" time="0.235" /><testcase classname="tests.backend_test.TestAuth" name="test_login_demo_success" time="0.278" /><testcase classname="tests.backend_test.TestAuth" name="test_login_wrong_password" time="0.284" /><testcase classname="tests.test_iteration_6_payments.TestPaymentMethodCheckout" name="test_card" time="1.599" /><testcase classname="tests.backend_test.TestAuth" name="test_me_requires_token" time="0.048" /><testcase classname="tests.backend_test.TestAuth" name="test_me_returns_user" time="0.338" /><testcase classname="tests.test_iteration_6_payments.TestPaymentMethodCheckout" name="test_gcash" time="0.192" /><testcase classname="tests.backend_test.TestArtists" name="test_list_artists" time="0.072" /><testcase classname="tests.backend_test.TestArtists" name="test_filter_by_style_blackwork" time="0.045" /><testcase classname="tests.backend_test.TestArtists" name="test_artist_detail" time="0.106" /><testcase classname="tests.test_iteration_6_payments.TestPaymentMethodCheckout" name="test_maya" time="0.213" /><testcase classname="tests.backend_test.TestArtists" name="test_artist_detail_404" time="0.052" /><testcase classname="tests.backend_test.TestBookings" name="test_create_booking" time="0.064" /><testcase classname="tests.backend_test.TestBookings" name="test_list_bookings_contains_new" time="0.046" /><testcase classname="tests.test_iteration_6_payments.TestPaymentMethodCheckout" name="test_unknown_method_rejected" time="0.214" /><testcase classname="tests.backend_test.TestBookings" name="test_cancel_booking" time="0.124" /><testcase classname="tests.backend_test.TestBookings" name="test_bookings_require_auth" time="0.062" /><testcase classname="tests.backend_test.TestReviews" name="test_create_review_updates_rating" time="0.109" /><testcase classname="tests.test_iteration_6_payments.TestPaymentMethodCheckout" name="test_mock_confirm_gcash" time="0.434" /><testcase classname="tests.backend_test.TestReviews" name="test_list_reviews" time="0.049" /><testcase classname="tests.backend_test.TestMessages" name="test_send_message_and_auto_reply" time="0.116" /><testcase classname="tests.backend_test.TestMessages" name="test_list_threads" time="0.065" /><testcase classname="tests.test_iteration_6_payments.TestPaymentMethodCheckout" name="test_mock_confirm_maya" time="0.337" /><testcase classname="tests.test_iteration_6_payments.TestPHPRegression" name="test_artists_have_php_rates" time="0.112" /><testcase classname="tests.test_iteration_6_payments.TestPaymentMethodCheckout" name="test_checkout_requires_auth" time="0.074" /></testsuite></testsuites>