<?xml version="1.0" encoding="utf-8"?><testsuites name="pytest tests"><testsuite name="pytest" errors="0" failures="0" skipped="0" tests="5" time="1.552" timestamp="2026-09-04T08:46:05.793593+00:00" hostname="agent-env-0a5d2d0c-81d3-4e98-932e-9127e2702332"><testcase classname="tests.test_iteration_5_availability.TestAvailability" name="test_unknown_artist_returns_404" time="0.316" /><testcase classname="tests.test_iteration_5_availability.TestAvailability" name="test_future_empty_date_returns_empty_list" time="0.142" /><testcase classname="tests.test_iteration_5_availability.TestAvailability" name="test_shape" time="0.069" /><testcase classname="tests.test_iteration_5_availability.TestAvailability" name="test_booking_appears_in_booked_slots" time="0.627" /><testcase classname="tests.test_iteration_5_availability.TestAvailability" name="test_seeded_kai_tomorrow_16h_booked" time="0.064" /></testsuite></testsuites>