<?xml version="1.0" encoding="utf-8"?><testsuites name="pytest tests"><testsuite name="pytest" errors="0" failures="0" skipped="0" tests="17" time="3.679" timestamp="2026-09-04T10:42:40.961214+00:00" hostname="agent-env-0a5d2d0c-81d3-4e98-932e-9127e2702332"><testcase classname="tests.test_iteration_8_admin.TestAdminRBAC" name="test_stats_no_token_returns_401" time="0.376" /><testcase classname="tests.test_iteration_8_admin.TestBookingFlowAndAdmin" name="test_customer_create_booking" time="0.721" /><testcase classname="tests.test_iteration_8_admin.TestAdminRBAC" name="test_stats_non_admin_returns_403" time="0.340" /><testcase classname="tests.test_iteration_8_admin.TestBookingFlowAndAdmin" name="test_checkout_session_mock" time="0.283" /><testcase classname="tests.test_iteration_8_admin.TestAdminRBAC" name="test_stats_admin_returns_200" time="0.340" /><testcase classname="tests.test_iteration_8_admin.TestBookingFlowAndAdmin" name="test_mock_confirm_creates_ledger_with_15_percent" time="0.900" /><testcase classname="tests.test_iteration_8_admin.TestAuthAdminFlag" name="test_admin_login_returns_is_admin_true" time="0.280" /><testcase classname="tests.test_iteration_8_admin.TestAuthAdminFlag" name="test_regular_user_has_is_admin_false" time="0.280" /><testcase classname="tests.test_iteration_8_admin.TestAdminUsers" name="test_list_users_has_bookings_count" time="0.235" /><testcase classname="tests.test_iteration_8_admin.TestAdminUsers" name="test_toggle_admin_flips_flag" time="0.442" /><testcase classname="tests.test_iteration_8_admin.TestBookingFlowAndAdmin" name="test_admin_bookings_filter_and_email_attached" time="0.549" /><testcase classname="tests.test_iteration_8_admin.TestAdminArtistsCRUD" name="test_list_artists_earnings" time="0.064" /><testcase classname="tests.test_iteration_8_admin.TestAdminArtistsCRUD" name="test_create_patch_delete_artist" time="0.245" /><testcase classname="tests.test_iteration_8_admin.TestBookingFlowAndAdmin" name="test_admin_payout_and_duplicate_400" time="0.268" /><testcase classname="tests.test_iteration_8_admin.TestAdminStats" name="test_stats_structure" time="0.061" /><testcase classname="tests.test_iteration_8_admin.TestBookingFlowAndAdmin" name="test_admin_refund_paid_booking" time="0.318" /><testcase classname="tests.test_iteration_8_admin.TestBookingFlowAndAdmin" name="test_customer_cancel_far_future_refunded" time="0.252" /></testsuite></testsuites>