<?xml version="1.0" encoding="utf-8"?><testsuites name="pytest tests"><testsuite name="pytest" errors="0" failures="0" skipped="0" tests="12" time="2.028" timestamp="2026-09-04T09:26:30.127489+00:00" hostname="agent-env-0a5d2d0c-81d3-4e98-932e-9127e2702332"><testcase classname="tests.test_iteration_7_features.TestFollowups" name="test_demo_user_followup_diego" time="0.535" /><testcase classname="tests.test_iteration_7_features.TestArtistBackfill" name="test_six_seeded" time="0.501" /><testcase classname="tests.test_iteration_7_features.TestArtistBackfill" name="test_home_service_and_bio_tl_present" time="0.000" /><testcase classname="tests.test_iteration_7_features.TestArtistBackfill" name="test_home_service_expected_configuration" time="0.000" /><testcase classname="tests.test_iteration_7_features.TestArtistBackfill" name="test_regression_php_rate_and_address" time="0.000" /><testcase classname="tests.test_iteration_7_features.TestFollowups" name="test_followup_orders_most_recent" time="0.259" /><testcase classname="tests.test_iteration_7_features.TestBookingHomeService" name="test_home_service_available_artist_sets_fee" time="0.580" /><testcase classname="tests.test_iteration_7_features.TestFollowups" name="test_fresh_user_empty" time="0.323" /><testcase classname="tests.test_iteration_7_features.TestBookingHomeService" name="test_home_service_unavailable_artist_ignored" time="0.067" /><testcase classname="tests.test_iteration_7_features.TestBookingHomeService" name="test_at_studio_default" time="0.103" /><testcase classname="tests.test_iteration_7_features.TestFollowups" name="test_followup_cap_and_reviewed_excluded" time="0.439" /><testcase classname="tests.test_iteration_7_features.TestFollowups" name="test_cancelled_bookings_excluded" time="0.140" /></testsuite></testsuites>