<?xml version="1.0" encoding="utf-8"?><testsuites name="pytest tests"><testsuite name="pytest" errors="0" failures="0" skipped="0" tests="16" time="14.189" timestamp="2026-09-04T08:13:26.735928+00:00" hostname="agent-env-0a5d2d0c-81d3-4e98-932e-9127e2702332"><testcase classname="tests.test_new_features.TestFeatured" name="test_featured_shape" time="0.152" /><testcase classname="tests.test_new_features.TestFavorites" name="test_toggle_on_off" time="0.778" /><testcase classname="tests.test_new_features.TestFavorites" name="test_favorites_require_auth" time="0.208" /><testcase classname="tests.test_new_features.TestUpload" name="test_upload_requires_auth" time="0.068" /><testcase classname="tests.test_new_features.TestUpload" name="test_upload_rejects_non_image" time="0.071" /><testcase classname="tests.test_new_features.TestUpload" name="test_upload_image_ok" time="0.240" /><testcase classname="tests.test_new_features.TestUpload" name="test_serve_file_requires_auth" time="0.069" /><testcase classname="tests.test_new_features.TestUpload" name="test_serve_file_with_bearer" time="11.403" /><testcase classname="tests.test_new_features.TestUpload" name="test_serve_file_with_token_query" time="0.208" /><testcase classname="tests.test_new_features.TestBookingPayment" name="test_booking_default_unpaid_and_reference" time="0.073" /><testcase classname="tests.test_new_features.TestStripeMock" name="test_checkout_returns_mock_session" time="0.142" /><testcase classname="tests.test_new_features.TestStripeMock" name="test_verify_before_confirm_returns_unpaid" time="0.071" /><testcase classname="tests.test_new_features.TestStripeMock" name="test_mock_confirm_marks_paid" time="0.144" /><testcase classname="tests.test_new_features.TestStripeMock" name="test_verify_after_confirm_returns_paid" time="0.071" /><testcase classname="tests.test_new_features.TestStripeMock" name="test_cross_user_cannot_verify" time="0.364" /><testcase classname="tests.test_new_features.TestStripeMock" name="test_cannot_repay_paid_booking" time="0.071" /></testsuite></testsuites>