<?xml version="1.0" encoding="utf-8"?><testsuites name="pytest tests"><testsuite name="pytest" errors="0" failures="0" skipped="0" tests="18" time="2.293" timestamp="2026-09-04T07:53:27.499080+00:00" hostname="agent-env-0a5d2d0c-81d3-4e98-932e-9127e2702332"><testcase classname="tests.backend_test.TestAuth" name="test_register_new_user" time="0.387" /><testcase classname="tests.backend_test.TestArtists" name="test_list_artists" time="0.143" /><testcase classname="tests.backend_test.TestArtists" name="test_filter_by_style_blackwork" time="0.254" /><testcase classname="tests.backend_test.TestAuth" name="test_register_duplicate_email" time="0.044" /><testcase classname="tests.backend_test.TestArtists" name="test_artist_detail" time="0.102" /><testcase classname="tests.backend_test.TestAuth" name="test_login_demo_success" time="0.268" /><testcase classname="tests.backend_test.TestArtists" name="test_artist_detail_404" time="0.212" /><testcase classname="tests.backend_test.TestAuth" name="test_login_wrong_password" time="0.282" /><testcase classname="tests.backend_test.TestAuth" name="test_me_requires_token" time="0.225" /><testcase classname="tests.backend_test.TestBookings" name="test_create_booking" time="0.778" /><testcase classname="tests.backend_test.TestAuth" name="test_me_returns_user" time="0.317" /><testcase classname="tests.backend_test.TestBookings" name="test_list_bookings_contains_new" time="0.063" /><testcase classname="tests.backend_test.TestBookings" name="test_cancel_booking" time="0.127" /><testcase classname="tests.backend_test.TestReviews" name="test_create_review_updates_rating" time="0.183" /><testcase classname="tests.backend_test.TestBookings" name="test_bookings_require_auth" time="0.102" /><testcase classname="tests.backend_test.TestReviews" name="test_list_reviews" time="0.043" /><testcase classname="tests.backend_test.TestMessages" name="test_send_message_and_auto_reply" time="0.141" /><testcase classname="tests.backend_test.TestMessages" name="test_list_threads" time="0.046" /></testsuite></testsuites>